<?xml version="1.0" encoding="utf-8"?><testsuites name="pytest tests"><testsuite name="pytest" errors="0" failures="1" skipped="0" tests="19" time="5.836" timestamp="2026-09-07T07:20:24.273317+00:00" hostname="agent-env-2959c30c-8f08-4308-9273-53ed4c8bc05d"><testcase classname="tests.test_iter2.TestLocation" name="test_put_me_location_ok" time="0.833" /><testcase classname="tests.test_iter2.TestLocation" name="test_me_returns_latlng" time="0.272" /><testcase classname="tests.test_iter2.TestLocation" name="test_put_me_location_invalid" time="0.126" /><testcase classname="tests.test_iter2.TestRazorpay" name="test_create_matched_listing_for_razorpay" time="1.405" /><testcase classname="tests.test_iter2.TestLocation" name="test_restore_recycler_location" time="0.128" /><testcase classname="tests.test_iter2.TestRazorpay" name="test_razorpay_order_503" time="0.299" /><testcase classname="tests.test_iter2.TestLocation" name="test_open_listings_with_latlng_sorted" time="0.765" /><testcase classname="tests.test_iter2.TestRazorpay" name="test_razorpay_verify_503" time="0.222" /><testcase classname="tests.test_iter2.TestRazorpay" name="test_razorpay_webhook_503" time="0.116" /><testcase classname="tests.test_iter2.TestRazorpay" name="test_stripe_regression_still_works" time="0.594" /><testcase classname="tests.test_iter2.TestLocation" name="test_open_listings_no_latlng_returns_null_distance" time="0.500" /><testcase classname="tests.test_iter2.TestLocation" name="test_create_listing_with_latlng" time="0.133" /><testcase classname="tests.test_iter2.TestAIPhoto" name="test_upload_real_photo" time="0.472" /><testcase classname="tests.test_iter2.TestLocation" name="test_create_listing_no_latlng" time="0.124" /><testcase classname="tests.test_iter2.TestLocation" name="test_map_endpoint" time="0.134" /><testcase classname="tests.test_iter2.TestPaymentsConfig" name="test_config" time="0.148" /><testcase classname="tests.test_iter2.TestAIPhoto" name="test_categorize_photo" time="1.872"><failure message="AssertionError: bad category mixed&#10;assert 'mixed' in {'appliance', 'battery', 'cables', 'laptop', 'misc', 'monitor_tv', ...}">backend/tests/test_iter2.py:208: in test_categorize_photo
    assert d["category"] in allowed, f"bad category {d.get('category')}"
E   AssertionError: bad category mixed
E   assert 'mixed' in {'appliance', 'battery', 'cables', 'laptop', 'misc', 'monitor_tv', ...}</failure></testcase><testcase classname="tests.test_iter2.TestAIPhoto" name="test_categorize_photo_not_found" time="0.124" /><testcase classname="tests.test_iter2.TestAIPhoto" name="test_categorize_photo_other_users_denied" time="0.151" /></testsuite></testsuites>