<?xml version="1.0" encoding="utf-8"?><testsuites name="pytest tests"><testsuite name="pytest" errors="0" failures="0" skipped="0" tests="25" time="5.296" timestamp="2026-09-07T07:05:22.968051+00:00" hostname="agent-env-2959c30c-8f08-4308-9273-53ed4c8bc05d"><testcase classname="tests.test_recircuit_api.TestAuth" name="test_login_collector" time="0.711" /><testcase classname="tests.test_recircuit_api.TestListingFlow" name="test_recycler_cannot_create_listing" time="0.862" /><testcase classname="tests.test_recircuit_api.TestAuth" name="test_me" time="0.643" /><testcase classname="tests.test_recircuit_api.TestAuth" name="test_wrong_password" time="0.120" /><testcase classname="tests.test_recircuit_api.TestListingFlow" name="test_create_listing" time="0.609" /><testcase classname="tests.test_recircuit_api.TestListingFlow" name="test_listings_mine" time="0.146" /><testcase classname="tests.test_recircuit_api.TestAuth" name="test_register_admin_rejected" time="0.133" /><testcase classname="tests.test_recircuit_api.TestAuth" name="test_register_collector_ok" time="0.527" /><testcase classname="tests.test_recircuit_api.TestListingFlow" name="test_open_listings" time="0.117" /><testcase classname="tests.test_recircuit_api.TestListingFlow" name="test_match" time="0.352" /><testcase classname="tests.test_recircuit_api.TestListingFlow" name="test_checkout" time="1.357" /><testcase classname="tests.test_recircuit_api.TestAdmin" name="test_overview" time="0.954" /><testcase classname="tests.test_recircuit_api.TestAdmin" name="test_logs" time="0.355" /><testcase classname="tests.test_recircuit_api.TestListingFlow" name="test_handover_on_open_400" time="0.251" /><testcase classname="tests.test_recircuit_api.TestAdmin" name="test_users" time="0.117" /><testcase classname="tests.test_recircuit_api.TestAdmin" name="test_collector_forbidden" time="0.113" /><testcase classname="tests.test_recircuit_api.TestPublic" name="test_stats" time="0.116" /><testcase classname="tests.test_recircuit_api.TestListingFlow" name="test_handover_paid_seeded" time="0.251" /><testcase classname="tests.test_recircuit_api.TestPublic" name="test_categories" time="0.110" /><testcase classname="tests.test_recircuit_api.TestUpload" name="test_upload_and_serve" time="0.608" /><testcase classname="tests.test_recircuit_api.TestPricing" name="test_categorize" time="0.111" /><testcase classname="tests.test_recircuit_api.TestPricing" name="test_categorize_requires_auth" time="0.133" /><testcase classname="tests.test_recircuit_api.TestPricing" name="test_estimate" time="0.116" /><testcase classname="tests.test_recircuit_api.TestUpload" name="test_upload_bad_content_type" time="0.123" /><testcase classname="tests.test_recircuit_api.TestWallet" name="test_wallet" time="0.137" /></testsuite></testsuites>